<?xml version="1.0" encoding="UTF-8"?>
<!-- Generated by org.testng.reporters.JUnitReportReporter -->
<testsuite hostname="mohammeds-Air.lan" failures="0" tests="2" name="runners.Testrunner" time="58.780" errors="0" timestamp="7 Mar 2024 01:02:37 GMT">
  <testcase classname="runners.Testrunner" name="runScenario" time="27.444"/>
  <testcase classname="runners.Testrunner" name="runScenario" time="31.336"/>
</testsuite> <!-- runners.Testrunner -->
